{
  "RSpec": {
    "coverage": {
      "/home/mathieu/workspace/georgia_mailer/spec/dummy/spec/dummy/config/environment.rb": [
        null,
        1,
        null,
        null,
        1
      ],
      "/home/mathieu/workspace/georgia_mailer/spec/dummy/spec/dummy/config/application.rb": [
        1,
        null,
        null,
        1,
        1,
        1,
        1,
        1,
        null,
        null,
        1,
        1,
        null,
        1,
        1,
        null,
        null,
        null,
        null,
        null,
        null,
        null,
        null,
        null,
        null,
        null,
        null,
        null,
        null,
        null,
        null,
        null,
        null,
        null,
        null,
        null,
        null,
        null,
        1,
        null,
        null,
        1,
        null,
        null,
        1,
        null,
        null,
        null,
        null,
        null,
        null,
        null,
        null,
        null,
        null,
        1,
        null,
        null,
        1,
        null,
        null,
        1,
        null,
        null,
        null
      ],
      "/home/mathieu/workspace/georgia_mailer/spec/dummy/spec/dummy/config/boot.rb": [
        1,
        1,
        null,
        1,
        0,
        0,
        0,
        null,
        null,
        1
      ],
      "/home/mathieu/workspace/georgia_mailer/spec/dummy/config/environments/test.rb": [
        1,
        null,
        null,
        null,
        null,
        null,
        null,
        1,
        null,
        null,
        1,
        1,
        null,
        null,
        1,
        null,
        null,
        1,
        1,
        null,
        null,
        1,
        null,
        null,
        1,
        null,
        null,
        null,
        null,
        1,
        null,
        null,
        1,
        null,
        null,
        1,
        null
      ],
      "/home/mathieu/workspace/georgia_mailer/spec/dummy/config/initializers/backtrace_silencers.rb": [
        null,
        null,
        null,
        null,
        null,
        null,
        null
      ],
      "/home/mathieu/workspace/georgia_mailer/spec/dummy/config/initializers/inflections.rb": [
        null,
        null,
        null,
        null,
        null,
        null,
        null,
        null,
        null,
        null,
        null,
        null,
        null,
        null,
        null
      ],
      "/home/mathieu/workspace/georgia_mailer/spec/dummy/config/initializers/mime_types.rb": [
        null,
        null,
        null,
        null,
        null
      ],
      "/home/mathieu/workspace/georgia_mailer/spec/dummy/config/initializers/secret_token.rb": [
        null,
        null,
        null,
        null,
        null,
        null,
        1
      ],
      "/home/mathieu/workspace/georgia_mailer/spec/dummy/config/initializers/session_store.rb": [
        null,
        null,
        1,
        null,
        null,
        null,
        null,
        null
      ],
      "/home/mathieu/workspace/georgia_mailer/spec/dummy/config/initializers/wrap_parameters.rb": [
        null,
        null,
        null,
        null,
        null,
        null,
        1,
        1,
        null,
        null,
        null,
        1,
        1,
        null
      ],
      "/home/mathieu/workspace/georgia_mailer/spec/dummy/config/routes.rb": [
        1,
        null,
        1,
        null,
        1,
        null,
        null
      ],
      "/home/mathieu/workspace/georgia_mailer/spec/dummy/app/controllers/application_controller.rb": [
        1,
        1,
        null
      ],
      "/home/mathieu/workspace/georgia_mailer/spec/dummy/app/helpers/application_helper.rb": [
        1,
        null
      ],
      "/home/mathieu/workspace/georgia_mailer/spec/dummy/app/controllers/messages_controller.rb": [
        1,
        null,
        1,
        0,
        null,
        null,
        null
      ],
      "/home/mathieu/workspace/georgia_mailer/spec/dummy/spec/factories/georgia_mailer/messages.rb": [
        1,
        1,
        1,
        1,
        1,
        1,
        null,
        null
      ],
      "/home/mathieu/workspace/georgia_mailer/spec/dummy/spec/support/controllers/authentication.rb": [
        1,
        1,
        null,
        1,
        1,
        0,
        0,
        0,
        0,
        null,
        null,
        1,
        0,
        0,
        0,
        0,
        0,
        null,
        null,
        null
      ],
      "/home/mathieu/workspace/georgia_mailer/spec/dummy/spec/decorators/georgia_mailer/message_decorator_spec.rb": [
        1,
        null,
        1,
        null,
        1,
        null,
        2,
        2,
        2,
        2,
        null,
        null
      ]
    },
    "timestamp": 1391192544
  }
}
